[2021-12-04 08:29:28.164] [exthost] [info] extension host started
[2021-12-04 08:29:28.470] [exthost] [info] ExtensionService#_doActivateExtension vscode.debug-auto-launch, startup: true, activationEvent: '*'
[2021-12-04 08:29:28.470] [exthost] [info] ExtensionService#loadCommonJSModule file:///home/abramov/.vscode-server/bin/ee8c7def80afc00dd6e593ef12f37756d8f504ea/extensions/debug-auto-launch/dist/extension
[2021-12-04 08:29:28.482] [exthost] [info] ExtensionService#_doActivateExtension vscode.git, startup: true, activationEvent: '*', root cause: vscode.github
[2021-12-04 08:29:28.482] [exthost] [info] ExtensionService#loadCommonJSModule file:///home/abramov/.vscode-server/bin/ee8c7def80afc00dd6e593ef12f37756d8f504ea/extensions/git/dist/main
[2021-12-04 08:29:28.930] [exthost] [info] ExtensionService#_doActivateExtension vscode.github, startup: true, activationEvent: '*'
[2021-12-04 08:29:28.930] [exthost] [info] ExtensionService#loadCommonJSModule file:///home/abramov/.vscode-server/bin/ee8c7def80afc00dd6e593ef12f37756d8f504ea/extensions/github/dist/extension.js
[2021-12-04 08:29:29.047] [exthost] [info] ExtensionService#_doActivateExtension vscode.emmet, startup: false, activationEvent: 'onStartupFinished'
[2021-12-04 08:29:29.047] [exthost] [info] ExtensionService#loadCommonJSModule file:///home/abramov/.vscode-server/bin/ee8c7def80afc00dd6e593ef12f37756d8f504ea/extensions/emmet/dist/node/emmetNodeMain
[2021-12-04 08:29:29.072] [exthost] [info] ExtensionService#_doActivateExtension vscode.merge-conflict, startup: false, activationEvent: 'onStartupFinished'
[2021-12-04 08:29:29.072] [exthost] [info] ExtensionService#loadCommonJSModule file:///home/abramov/.vscode-server/bin/ee8c7def80afc00dd6e593ef12f37756d8f504ea/extensions/merge-conflict/dist/mergeConflictMain
[2021-12-04 08:29:29.081] [exthost] [info] eager extensions activated
[2021-12-04 08:29:29.083] [exthost] [info] ExtensionService#_doActivateExtension ms-vscode.js-debug, startup: false, activationEvent: 'onCommand:extension.js-debug.clearAutoAttachVariables'
[2021-12-04 08:29:29.083] [exthost] [info] ExtensionService#loadCommonJSModule file:///home/abramov/.vscode-server/bin/ee8c7def80afc00dd6e593ef12f37756d8f504ea/extensions/ms-vscode.js-debug/src/extension.js
[2021-12-04 08:32:27.722] [exthost] [warning] [Decorations] CAPPING events from decorations provider vscode.git 1372
[2021-12-04 08:49:31.348] [exthost] [warning] [Decorations] CAPPING events from decorations provider vscode.git 1345
[2021-12-04 08:49:33.368] [exthost] [warning] [Decorations] CAPPING events from decorations provider vscode.git 1345
[2021-12-04 08:54:52.224] [exthost] [warning] [Decorations] CAPPING events from decorations provider vscode.git 1345
[2021-12-04 08:59:47.182] [exthost] [warning] [Decorations] CAPPING events from decorations provider vscode.git 1345
[2021-12-04 09:01:26.996] [exthost] [warning] [Decorations] CAPPING events from decorations provider vscode.git 1345
[2021-12-04 09:01:32.173] [exthost] [warning] [Decorations] CAPPING events from decorations provider vscode.git 1345
[2021-12-04 09:02:04.306] [exthost] [warning] [Decorations] CAPPING events from decorations provider vscode.git 1345
[2021-12-04 09:02:55.640] [exthost] [warning] [Decorations] CAPPING events from decorations provider vscode.git 1345
[2021-12-04 09:03:13.097] [exthost] [warning] [Decorations] CAPPING events from decorations provider vscode.git 1345
[2021-12-04 09:06:45.394] [exthost] [warning] [Decorations] CAPPING events from decorations provider vscode.git 1367
[2021-12-04 09:15:00.747] [exthost] [info] ExtensionService#_doActivateExtension vscode.php-language-features, startup: false, activationEvent: 'onLanguage:php'
[2021-12-04 09:15:00.760] [exthost] [info] ExtensionService#loadCommonJSModule file:///home/abramov/.vscode-server/bin/ee8c7def80afc00dd6e593ef12f37756d8f504ea/extensions/php-language-features/dist/phpMain
[2021-12-04 09:15:00.820] [exthost] [error] Activating extension vscode.php-language-features failed due to an error:
[2021-12-04 09:15:00.833] [exthost] [error] Error: Cannot find module '/home/abramov/.vscode-server/bin/ee8c7def80afc00dd6e593ef12f37756d8f504ea/extensions/php-language-features/dist/phpMain'
Require stack:
- /home/abramov/.vscode-server/bin/ee8c7def80afc00dd6e593ef12f37756d8f504ea/out/vs/loader.js
- /home/abramov/.vscode-server/bin/ee8c7def80afc00dd6e593ef12f37756d8f504ea/out/bootstrap-amd.js
- /home/abramov/.vscode-server/bin/ee8c7def80afc00dd6e593ef12f37756d8f504ea/out/bootstrap-fork.js
	at Function.Module._resolveFilename (internal/modules/cjs/loader.js:880:15)
	at Function.Module._load (internal/modules/cjs/loader.js:725:27)
	at Function.i._load (/home/abramov/.vscode-server/bin/ee8c7def80afc00dd6e593ef12f37756d8f504ea/out/vs/server/remoteExtensionHostProcess.js:113:28495)
	at Function.b._load (/home/abramov/.vscode-server/bin/ee8c7def80afc00dd6e593ef12f37756d8f504ea/out/vs/server/remoteExtensionHostProcess.js:113:25083)
	at Function.d._load (/home/abramov/.vscode-server/bin/ee8c7def80afc00dd6e593ef12f37756d8f504ea/out/vs/server/remoteExtensionHostProcess.js:103:60101)
	at Module.require (internal/modules/cjs/loader.js:952:19)
	at Module.require (/home/abramov/.vscode-server/bin/ee8c7def80afc00dd6e593ef12f37756d8f504ea/extensions/git/dist/main.js:2:515804)
	at require (internal/modules/cjs/helpers.js:88:18)
	at Function.r [as __$__nodeRequire] (/home/abramov/.vscode-server/bin/ee8c7def80afc00dd6e593ef12f37756d8f504ea/out/vs/loader.js:5:101)
	at v._loadCommonJSModule (/home/abramov/.vscode-server/bin/ee8c7def80afc00dd6e593ef12f37756d8f504ea/out/vs/server/remoteExtensionHostProcess.js:113:26492)
	at v._doActivateExtension (/home/abramov/.vscode-server/bin/ee8c7def80afc00dd6e593ef12f37756d8f504ea/out/vs/server/remoteExtensionHostProcess.js:99:12722)
	at v._activateExtension (/home/abramov/.vscode-server/bin/ee8c7def80afc00dd6e593ef12f37756d8f504ea/out/vs/server/remoteExtensionHostProcess.js:99:11695)
	at Object.actualActivateExtension (/home/abramov/.vscode-server/bin/ee8c7def80afc00dd6e593ef12f37756d8f504ea/out/vs/server/remoteExtensionHostProcess.js:99:9236)
	at a._activateExtension (/home/abramov/.vscode-server/bin/ee8c7def80afc00dd6e593ef12f37756d8f504ea/out/vs/server/remoteExtensionHostProcess.js:94:88419)
	at /home/abramov/.vscode-server/bin/ee8c7def80afc00dd6e593ef12f37756d8f504ea/out/vs/server/remoteExtensionHostProcess.js:94:88101
	at Array.map (<anonymous>)
	at a._activateExtensions (/home/abramov/.vscode-server/bin/ee8c7def80afc00dd6e593ef12f37756d8f504ea/out/vs/server/remoteExtensionHostProcess.js:94:88089)
	at activateByEvent (/home/abramov/.vscode-server/bin/ee8c7def80afc00dd6e593ef12f37756d8f504ea/out/vs/server/remoteExtensionHostProcess.js:94:85391)
	at v._activateByEvent (/home/abramov/.vscode-server/bin/ee8c7def80afc00dd6e593ef12f37756d8f504ea/out/vs/server/remoteExtensionHostProcess.js:99:10175)
	at /home/abramov/.vscode-server/bin/ee8c7def80afc00dd6e593ef12f37756d8f504ea/out/vs/server/remoteExtensionHostProcess.js:99:20101
[2021-12-04 09:15:01.169] [exthost] [error] {"message":"Git error","stdout":"","stderr":"fatal: Path 'html/reg/db.php' is in submodule 'html/reg'\n","exitCode":128,"gitErrorCode":"IsInSubmodule"}
[2021-12-04 09:15:01.169] [exthost] [error] {"message":"Git error","stdout":"","stderr":"fatal: Path 'html/reg/db.php' is in submodule 'html/reg'\n","exitCode":128,"gitErrorCode":"IsInSubmodule"}
[2021-12-04 09:15:56.739] [exthost] [warning] [Decorations] CAPPING events from decorations provider vscode.git 1369
[2021-12-04 09:17:07.714] [exthost] [warning] [Decorations] CAPPING events from decorations provider vscode.git 1369
[2021-12-04 09:17:36.431] [exthost] [warning] [Decorations] CAPPING events from decorations provider vscode.git 1369
[2021-12-04 09:18:11.614] [exthost] [warning] [Decorations] CAPPING events from decorations provider vscode.git 1369
[2021-12-04 09:18:36.317] [exthost] [warning] [Decorations] CAPPING events from decorations provider vscode.git 1369
[2021-12-04 09:19:05.605] [exthost] [info] extension host terminating: received terminate message from renderer
[2021-12-04 09:19:06.729] [exthost] [info] exiting with code 0
