[2021-11-27 13:43:27.928] [exthost] [info] extension host started
[2021-11-27 13:43:28.049] [exthost] [info] ExtensionService#_doActivateExtension vscode.debug-auto-launch, startup: true, activationEvent: '*'
[2021-11-27 13:43:28.049] [exthost] [info] ExtensionService#loadCommonJSModule file:///home/abramov/.vscode-server/bin/ee8c7def80afc00dd6e593ef12f37756d8f504ea/extensions/debug-auto-launch/dist/extension
[2021-11-27 13:43:28.059] [exthost] [info] ExtensionService#_doActivateExtension vscode.git, startup: true, activationEvent: '*', root cause: vscode.github
[2021-11-27 13:43:28.059] [exthost] [info] ExtensionService#loadCommonJSModule file:///home/abramov/.vscode-server/bin/ee8c7def80afc00dd6e593ef12f37756d8f504ea/extensions/git/dist/main
[2021-11-27 13:43:28.654] [exthost] [info] ExtensionService#_doActivateExtension vscode.github, startup: true, activationEvent: '*'
[2021-11-27 13:43:28.655] [exthost] [info] ExtensionService#loadCommonJSModule file:///home/abramov/.vscode-server/bin/ee8c7def80afc00dd6e593ef12f37756d8f504ea/extensions/github/dist/extension.js
[2021-11-27 13:43:28.791] [exthost] [info] ExtensionService#_doActivateExtension vscode.emmet, startup: false, activationEvent: 'onStartupFinished'
[2021-11-27 13:43:28.792] [exthost] [info] ExtensionService#loadCommonJSModule file:///home/abramov/.vscode-server/bin/ee8c7def80afc00dd6e593ef12f37756d8f504ea/extensions/emmet/dist/node/emmetNodeMain
[2021-11-27 13:43:28.814] [exthost] [info] ExtensionService#_doActivateExtension vscode.merge-conflict, startup: false, activationEvent: 'onStartupFinished'
[2021-11-27 13:43:28.814] [exthost] [info] ExtensionService#loadCommonJSModule file:///home/abramov/.vscode-server/bin/ee8c7def80afc00dd6e593ef12f37756d8f504ea/extensions/merge-conflict/dist/mergeConflictMain
[2021-11-27 13:43:28.819] [exthost] [info] eager extensions activated
[2021-11-27 13:43:28.854] [exthost] [info] ExtensionService#_doActivateExtension ms-vscode.js-debug, startup: false, activationEvent: 'onCommand:extension.js-debug.clearAutoAttachVariables'
[2021-11-27 13:43:28.854] [exthost] [info] ExtensionService#loadCommonJSModule file:///home/abramov/.vscode-server/bin/ee8c7def80afc00dd6e593ef12f37756d8f504ea/extensions/ms-vscode.js-debug/src/extension.js
[2021-11-27 13:43:30.628] [exthost] [info] ExtensionService#_doActivateExtension vscode.configuration-editing, startup: false, activationEvent: 'onLanguage:jsonc'
[2021-11-27 13:43:30.629] [exthost] [info] ExtensionService#loadCommonJSModule file:///home/abramov/.vscode-server/bin/ee8c7def80afc00dd6e593ef12f37756d8f504ea/extensions/configuration-editing/dist/configurationEditingMain
[2021-11-27 13:43:30.662] [exthost] [info] ExtensionService#_doActivateExtension vscode.json-language-features, startup: false, activationEvent: 'onLanguage:jsonc'
[2021-11-27 13:43:30.662] [exthost] [info] ExtensionService#loadCommonJSModule file:///home/abramov/.vscode-server/bin/ee8c7def80afc00dd6e593ef12f37756d8f504ea/extensions/json-language-features/client/dist/node/jsonClientMain
[2021-11-27 13:43:30.865] [exthost] [info] ExtensionService#_doActivateExtension vscode.typescript-language-features, startup: false, activationEvent: 'onLanguage:jsonc'
[2021-11-27 13:43:30.871] [exthost] [info] ExtensionService#loadCommonJSModule file:///home/abramov/.vscode-server/bin/ee8c7def80afc00dd6e593ef12f37756d8f504ea/extensions/typescript-language-features/dist/extension
