Validating found git in: git
Using git 1.8.3.1 from git
> git rev-parse --git-dir
Open repository: /home/abramov
> git status -z -u
> git symbolic-ref --short HEAD
> git for-each-ref --format=%(refname)%00%(upstream:short)%00%(objectname) refs/heads/master refs/remotes/master
> git for-each-ref --sort -committerdate --format %(refname) %(objectname) %(*objectname)
> git remote --verbose
> git config --get commit.template
> git check-ignore -v -z --stdin
> git show --textconv :lab4/.vscode-server/data/machineid
> git ls-files --stage -- /home/abramov/lab4/.vscode-server/data/machineid
> git check-ignore -v -z --stdin
> git status -z -u
> git rev-parse --git-dir
Open repository: /home/abramov/lab4
> git status -z -u
> git symbolic-ref --short HEAD
> git for-each-ref --format=%(refname)%00%(upstream:short)%00%(objectname) refs/heads/master refs/remotes/master
> git for-each-ref --sort -committerdate --format %(refname) %(objectname) %(*objectname)
> git remote --verbose
> git config --get commit.template
> git check-ignore -v -z --stdin
> git show --textconv :docker-compose.yml
> git ls-files --stage -- /home/abramov/lab4/docker-compose.yml
> git cat-file -s f6c800591f7f96dee262939601b52bf5fd6307a3
> git ls-files --stage -- /home/abramov/lab4/docker-compose.yml
> git cat-file -s f6c800591f7f96dee262939601b52bf5fd6307a3
> git show --textconv :docker-compose.yml
> git status -z -u
> git symbolic-ref --short HEAD
> git for-each-ref --format=%(refname)%00%(upstream:short)%00%(objectname) refs/heads/master refs/remotes/master
> git for-each-ref --sort -committerdate --format %(refname) %(objectname) %(*objectname)
> git remote --verbose
> git config --get commit.template
> git show --textconv :docker-compose.yml
> git ls-files --stage -- /home/abramov/lab4/docker-compose.yml
> git cat-file -s f6c800591f7f96dee262939601b52bf5fd6307a3
> git show --textconv :docker-compose.yml
> git ls-files --stage -- /home/abramov/lab4/docker-compose.yml
> git cat-file -s f6c800591f7f96dee262939601b52bf5fd6307a3
> git show --textconv :docker-compose.yml
> git ls-files --stage -- /home/abramov/lab4/docker-compose.yml
> git cat-file -s f6c800591f7f96dee262939601b52bf5fd6307a3
> git status -z -u
> git symbolic-ref --short HEAD
> git for-each-ref --format=%(refname)%00%(upstream:short)%00%(objectname) refs/heads/master refs/remotes/master
> git for-each-ref --sort -committerdate --format %(refname) %(objectname) %(*objectname)
> git remote --verbose
> git config --get commit.template
> git show --textconv :docker-compose.yml
> git ls-files --stage -- /home/abramov/lab4/docker-compose.yml
> git cat-file -s f6c800591f7f96dee262939601b52bf5fd6307a3
> git status -z -u
> git symbolic-ref --short HEAD
> git for-each-ref --format=%(refname)%00%(upstream:short)%00%(objectname) refs/heads/master refs/remotes/master
> git for-each-ref --sort -committerdate --format %(refname) %(objectname) %(*objectname)
> git remote --verbose
> git config --get commit.template
> git status -z -u
> git symbolic-ref --short HEAD
> git for-each-ref --format=%(refname)%00%(upstream:short)%00%(objectname) refs/heads/master refs/remotes/master
> git for-each-ref --sort -committerdate --format %(refname) %(objectname) %(*objectname)
> git remote --verbose
> git config --get commit.template
> git ls-files --stage -- /home/abramov/lab4/docker-compose.yml
> git cat-file -s f6c800591f7f96dee262939601b52bf5fd6307a3
> git show --textconv :docker-compose.yml
> git check-ignore -v -z --stdin
> git status -z -u
> git symbolic-ref --short HEAD
> git for-each-ref --format=%(refname)%00%(upstream:short)%00%(objectname) refs/heads/master refs/remotes/master
> git for-each-ref --sort -committerdate --format %(refname) %(objectname) %(*objectname)
> git remote --verbose
> git config --get commit.template
> git check-ignore -v -z --stdin
> git show --textconv :conf/default.conf
> git ls-files --stage -- /home/abramov/lab4/conf/default.conf
> git cat-file -s 97bd8c024f05a61756b03eb8c6bcaaa48fdb236a
> git status -z -u
> git symbolic-ref --short HEAD
> git for-each-ref --format=%(refname)%00%(upstream:short)%00%(objectname) refs/heads/master refs/remotes/master
> git for-each-ref --sort -committerdate --format %(refname) %(objectname) %(*objectname)
> git remote --verbose
> git config --get commit.template
> git status -z -u
> git symbolic-ref --short HEAD
> git for-each-ref --format=%(refname)%00%(upstream:short)%00%(objectname) refs/heads/master refs/remotes/master
> git for-each-ref --sort -committerdate --format %(refname) %(objectname) %(*objectname)
> git remote --verbose
> git config --get commit.template
> git show --textconv :docker-compose.yml
> git ls-files --stage -- /home/abramov/lab4/docker-compose.yml
> git cat-file -s f6c800591f7f96dee262939601b52bf5fd6307a3
> git status -z -u
> git symbolic-ref --short HEAD
> git for-each-ref --format=%(refname)%00%(upstream:short)%00%(objectname) refs/heads/master refs/remotes/master
> git for-each-ref --sort -committerdate --format %(refname) %(objectname) %(*objectname)
> git remote --verbose
> git config --get commit.template
> git check-ignore -v -z --stdin
> git show --textconv :docker-compose.yml
> git ls-files --stage -- /home/abramov/lab4/docker-compose.yml
> git cat-file -s f6c800591f7f96dee262939601b52bf5fd6307a3
> git status -z -u
> git symbolic-ref --short HEAD
> git for-each-ref --format=%(refname)%00%(upstream:short)%00%(objectname) refs/heads/master refs/remotes/master
> git for-each-ref --sort -committerdate --format %(refname) %(objectname) %(*objectname)
> git remote --verbose
> git config --get commit.template
> git show --textconv :.bash_history
> git ls-files --stage -- /home/abramov/lab4/.bash_history
> git cat-file -s 2e5d34c5fa6e712e61de2dc83309cca591796204
> git show --textconv :docker-compose.yml
> git ls-files --stage -- /home/abramov/lab4/docker-compose.yml
> git cat-file -s f6c800591f7f96dee262939601b52bf5fd6307a3
> git show --textconv :html/reg/db.php
> git ls-files --stage -- /home/abramov/lab4/html/reg/db.php
> git check-ignore -v -z --stdin
> git show --textconv :Dockerfile
> git ls-files --stage -- /home/abramov/lab4/Dockerfile
> git cat-file -s 632d882ef9bf22277439aa951840bc88326de56b
> git check-ignore -v -z --stdin
> git status -z -u
> git symbolic-ref --short HEAD
> git for-each-ref --format=%(refname)%00%(upstream:short)%00%(objectname) refs/heads/master refs/remotes/master
> git for-each-ref --sort -committerdate --format %(refname) %(objectname) %(*objectname)
> git remote --verbose
> git config --get commit.template
> git show --textconv :docker-compose.yml
> git ls-files --stage -- /home/abramov/lab4/docker-compose.yml
> git cat-file -s f6c800591f7f96dee262939601b52bf5fd6307a3
> git status -z -u
> git symbolic-ref --short HEAD
> git for-each-ref --format=%(refname)%00%(upstream:short)%00%(objectname) refs/heads/master refs/remotes/master
> git for-each-ref --sort -committerdate --format %(refname) %(objectname) %(*objectname)
> git remote --verbose
> git config --get commit.template
> git status -z -u
> git symbolic-ref --short HEAD
> git for-each-ref --format=%(refname)%00%(upstream:short)%00%(objectname) refs/heads/master refs/remotes/master
> git for-each-ref --sort -committerdate --format %(refname) %(objectname) %(*objectname)
> git remote --verbose
> git config --get commit.template
> git status -z -u
> git symbolic-ref --short HEAD
> git for-each-ref --format=%(refname)%00%(upstream:short)%00%(objectname) refs/heads/master refs/remotes/master
> git for-each-ref --sort -committerdate --format %(refname) %(objectname) %(*objectname)
> git remote --verbose
> git config --get commit.template
> git status -z -u
> git symbolic-ref --short HEAD
> git for-each-ref --format=%(refname)%00%(upstream:short)%00%(objectname) refs/heads/master refs/remotes/master
> git for-each-ref --sort -committerdate --format %(refname) %(objectname) %(*objectname)
> git remote --verbose
> git config --get commit.template
