

*
* Visual Studio Code Server
*
* Reminder: You may only use this software with Visual Studio family products,
* as described in the license https://aka.ms/vscode-remote/license
*

Extension host agent listening on 44256

[06:42:53] Extension host agent started.
[06:42:54] [127.0.0.1][14e56469][ExtensionHostConnection] New connection established.
[06:42:54] [127.0.0.1][cdcebbba][ManagementConnection] New connection established.
[06:42:54] [127.0.0.1][14e56469][ExtensionHostConnection] <1724> Launched Extension Host Process.
[node.js fs] readdir with filetypes failed with error:  [Error: EACCES: permission denied, scandir '/home/abramov/data/mysql/'] {
  errno: -13,
  code: 'EACCES',
  syscall: 'scandir',
  path: '/home/abramov/data/mysql/'
}
[node.js fs] readdir with filetypes failed with error:  [Error: EACCES: permission denied, scandir '/home/abramov/data/mysql/'] {
  errno: -13,
  code: 'EACCES',
  syscall: 'scandir',
  path: '/home/abramov/data/mysql/'
}
[node.js fs] readdir with filetypes failed with error:  [Error: EACCES: permission denied, scandir '/home/abramov/data/mysql'] {
  errno: -13,
  code: 'EACCES',
  syscall: 'scandir',
  path: '/home/abramov/data/mysql'
}
[node.js fs] readdir with filetypes failed with error:  [Error: EACCES: permission denied, scandir '/home/abramov/data/register/'] {
  errno: -13,
  code: 'EACCES',
  syscall: 'scandir',
  path: '/home/abramov/data/register/'
}
[node.js fs] readdir with filetypes failed with error:  [Error: EACCES: permission denied, scandir '/home/abramov/data/register/'] {
  errno: -13,
  code: 'EACCES',
  syscall: 'scandir',
  path: '/home/abramov/data/register/'
}
[node.js fs] readdir with filetypes failed with error:  [Error: EACCES: permission denied, scandir '/home/abramov/data/register'] {
  errno: -13,
  code: 'EACCES',
  syscall: 'scandir',
  path: '/home/abramov/data/register'
}
[node.js fs] readdir with filetypes failed with error:  [Error: EACCES: permission denied, scandir '/home/abramov/data/regi'] {
  errno: -13,
  code: 'EACCES',
  syscall: 'scandir',
  path: '/home/abramov/data/regi'
}
[node.js fs] readdir with filetypes failed with error:  [Error: EACCES: permission denied, scandir '/home/abramov/data/mysql/'] {
  errno: -13,
  code: 'EACCES',
  syscall: 'scandir',
  path: '/home/abramov/data/mysql/'
}
[node.js fs] readdir with filetypes failed with error:  [Error: EACCES: permission denied, scandir '/home/abramov/data/mysql/'] {
  errno: -13,
  code: 'EACCES',
  syscall: 'scandir',
  path: '/home/abramov/data/mysql/'
}
[node.js fs] readdir with filetypes failed with error:  [Error: EACCES: permission denied, scandir '/home/abramov/data/mysql'] {
  errno: -13,
  code: 'EACCES',
  syscall: 'scandir',
  path: '/home/abramov/data/mysql'
}
[node.js fs] readdir with filetypes failed with error:  [Error: EACCES: permission denied, scandir '/home/abramov/data/regi/'] {
  errno: -13,
  code: 'EACCES',
  syscall: 'scandir',
  path: '/home/abramov/data/regi/'
}
[node.js fs] readdir with filetypes failed with error:  [Error: EACCES: permission denied, scandir '/home/abramov/data/regi/'] {
  errno: -13,
  code: 'EACCES',
  syscall: 'scandir',
  path: '/home/abramov/data/regi/'
}
[node.js fs] readdir with filetypes failed with error:  [Error: EACCES: permission denied, scandir '/home/abramov/data/regi'] {
  errno: -13,
  code: 'EACCES',
  syscall: 'scandir',
  path: '/home/abramov/data/regi'
}
[node.js fs] readdir with filetypes failed with error:  [Error: EACCES: permission denied, scandir '/home/abramov/data/#innodb_temp/'] {
  errno: -13,
  code: 'EACCES',
  syscall: 'scandir',
  path: '/home/abramov/data/#innodb_temp/'
}
[node.js fs] readdir with filetypes failed with error:  [Error: EACCES: permission denied, scandir '/home/abramov/data/#innodb_temp/'] {
  errno: -13,
  code: 'EACCES',
  syscall: 'scandir',
  path: '/home/abramov/data/#innodb_temp/'
}
[node.js fs] readdir with filetypes failed with error:  [Error: EACCES: permission denied, scandir '/home/abramov/data/register/'] {
  errno: -13,
  code: 'EACCES',
  syscall: 'scandir',
  path: '/home/abramov/data/register/'
}
[node.js fs] readdir with filetypes failed with error:  [Error: EACCES: permission denied, scandir '/home/abramov/data/register/'] {
  errno: -13,
  code: 'EACCES',
  syscall: 'scandir',
  path: '/home/abramov/data/register/'
}
[08:29:07] [127.0.0.1][cdcebbba][ManagementConnection] The client has disconnected gracefully, so the connection will be disposed.
[08:29:08] [127.0.0.1][14e56469][ExtensionHostConnection] <1724> Extension Host Process exited with code: 0, signal: null.
Last EH closed, waiting before shutting down
[08:29:08] Last EH closed, waiting before shutting down
Got delay-shutdown request while in shutdown timeout, delaying
[08:29:25] Got delay-shutdown request while in shutdown timeout, delaying
Cancelling previous shutdown timeout
[08:29:25] Cancelling previous shutdown timeout
[08:29:26] [127.0.0.1][08138803][ManagementConnection] New connection established.
[08:29:26] [127.0.0.1][e7d0c94d][ExtensionHostConnection] New connection established.
[08:29:26] [127.0.0.1][e7d0c94d][ExtensionHostConnection] <7567> Launched Extension Host Process.
New EH opened, aborting shutdown
[08:34:25] New EH opened, aborting shutdown
[node.js fs] readdir with filetypes failed with error:  [Error: EACCES: permission denied, scandir '/home/abramov/data/mysql/'] {
  errno: -13,
  code: 'EACCES',
  syscall: 'scandir',
  path: '/home/abramov/data/mysql/'
}
[node.js fs] readdir with filetypes failed with error:  [Error: EACCES: permission denied, scandir '/home/abramov/data/mysql/'] {
  errno: -13,
  code: 'EACCES',
  syscall: 'scandir',
  path: '/home/abramov/data/mysql/'
}
[node.js fs] readdir with filetypes failed with error:  [Error: EACCES: permission denied, scandir '/home/abramov/data/mysql'] {
  errno: -13,
  code: 'EACCES',
  syscall: 'scandir',
  path: '/home/abramov/data/mysql'
}
[09:19:05] [127.0.0.1][08138803][ManagementConnection] The client has disconnected gracefully, so the connection will be disposed.
[09:19:06] [127.0.0.1][e7d0c94d][ExtensionHostConnection] <7567> Extension Host Process exited with code: 0, signal: null.
Last EH closed, waiting before shutting down
[09:19:06] Last EH closed, waiting before shutting down
Last EH closed, shutting down
[09:24:06] Last EH closed, shutting down
